22:48:14.616 INFO - Selenium build info: version: '3.3.0', revision: 'b526bd5'
22:48:14.626 INFO - Launching a standalone Selenium Server
2017-03-16 22:48:14.835:INFO::main: Logging initialized @4236ms to org.seleniumhq.jetty9.util.log.StdErrLog
22:48:15.400 INFO - Driver class not found: com.opera.core.systems.OperaDriver
22:48:15.401 INFO - Driver provider com.opera.core.systems.OperaDriver registration is skipped:
Unable to create new instances on this machine.
22:48:15.402 INFO - Driver class not found: com.opera.core.systems.OperaDriver
22:48:15.403 INFO - Driver provider com.opera.core.systems.OperaDriver is not registered
22:48:15.479 INFO - Driver provider org.openqa.selenium.safari.SafariDriver registration is skipped:
 registration capabilities Capabilities [{browserName=safari, version=, platform=MAC}] does not match the current platform WIN10
2017-03-16 22:48:16.090:INFO:osjs.Server:main: jetty-9.2.20.v20161216
2017-03-16 22:48:16.291:INFO:osjsh.ContextHandler:main: Started o.s.j.s.ServletContextHandler@39c0f4a{/,null,AVAILABLE}
2017-03-16 22:48:17.047:INFO:osjs.AbstractConnector:main: Started ServerConnector@12171a35{HTTP/1.1,[http/1.1]}{0.0.0.0:4444}
2017-03-16 22:48:17.049:INFO:osjs.Server:main: Started @6449ms
22:48:17.049 INFO - Selenium Server is up and running
22:48:18.917 INFO - SessionCleaner initialized with insideBrowserTimeout 0 and clientGoneTimeout 1800000 polling every 180000
22:48:19.108 INFO - Executing: [new session: Capabilities [{acceptSslCerts=true, name=Test, browserName=chrome, javascriptEnabled=true, platform=ANY}]])
22:48:19.199 INFO - Creating a new session for Capabilities [{acceptSslCerts=true, name=Test, browserName=chrome, javascriptEnabled=true, platform=ANY}]
22:48:19.239 WARN - Exception thrown
java.util.concurrent.ExecutionException: org.openqa.selenium.WebDriverException: java.lang.reflect.InvocationTargetException
Build info: version: '3.3.0', revision: 'b526bd5', time: '2017-03-07 11:21:31 -0800'
System info: host: 'DESKTOP-6VNN4VQ', ip: '192.168.1.131', os.name: 'Windows 10', os.arch: 'amd64', os.version: '10.0', java.version: '1.8.0_112'
Driver info: driver.version: unknown
	at java.util.concurrent.FutureTask.report(FutureTask.java:122)
	at java.util.concurrent.FutureTask.get(FutureTask.java:192)
	at org.openqa.selenium.remote.server.DefaultSession.execute(DefaultSession.java:183)
	at org.openqa.selenium.remote.server.DefaultSession.<init>(DefaultSession.java:119)
	at org.openqa.selenium.remote.server.DefaultSession.createSession(DefaultSession.java:95)
	at org.openqa.selenium.remote.server.DefaultDriverSessions.newSession(DefaultDriverSessions.java:131)
	at org.openqa.selenium.remote.server.handler.NewSession.handle(NewSession.java:59)
	at org.openqa.selenium.remote.server.handler.NewSession.handle(NewSession.java:36)
	at org.openqa.selenium.remote.server.rest.ResultConfig.handle(ResultConfig.java:111)
	at org.openqa.selenium.remote.server.JsonHttpCommandHandler.handleRequest(JsonHttpCommandHandler.java:190)
	at org.openqa.selenium.remote.server.DriverServlet.handleRequest(DriverServlet.java:222)
	at org.openqa.selenium.remote.server.DriverServlet.doPost(DriverServlet.java:184)
	at javax.servlet.http.HttpServlet.service(HttpServlet.java:707)
	at org.openqa.selenium.remote.server.DriverServlet.service(DriverServlet.java:150)
	at javax.servlet.http.HttpServlet.service(HttpServlet.java:790)
	at org.seleniumhq.jetty9.servlet.ServletHolder.handle(ServletHolder.java:841)
	at org.seleniumhq.jetty9.servlet.ServletHandler.doHandle(ServletHandler.java:543)
	at org.seleniumhq.jetty9.server.handler.ScopedHandler.nextHandle(ScopedHandler.java:188)
	at org.seleniumhq.jetty9.server.handler.ContextHandler.doHandle(ContextHandler.java:1228)
	at org.seleniumhq.jetty9.server.handler.ScopedHandler.nextScope(ScopedHandler.java:168)
	at org.seleniumhq.jetty9.servlet.ServletHandler.doScope(ServletHandler.java:481)
	at org.seleniumhq.jetty9.server.handler.ScopedHandler.nextScope(ScopedHandler.java:166)
	at org.seleniumhq.jetty9.server.handler.ContextHandler.doScope(ContextHandler.java:1130)
	at org.seleniumhq.jetty9.server.handler.ScopedHandler.handle(ScopedHandler.java:141)
	at org.seleniumhq.jetty9.server.handler.HandlerWrapper.handle(HandlerWrapper.java:132)
	at org.seleniumhq.jetty9.server.Server.handle(Server.java:564)
	at org.seleniumhq.jetty9.server.HttpChannel.handle(HttpChannel.java:320)
	at org.seleniumhq.jetty9.server.HttpConnection.onFillable(HttpConnection.java:251)
	at org.seleniumhq.jetty9.io.AbstractConnection$ReadCallback.succeeded(AbstractConnection.java:279)
	at org.seleniumhq.jetty9.io.FillInterest.fillable(FillInterest.java:112)
	at org.seleniumhq.jetty9.io.ChannelEndPoint$2.run(ChannelEndPoint.java:124)
	at org.seleniumhq.jetty9.util.thread.QueuedThreadPool.runJob(QueuedThreadPool.java:672)
	at org.seleniumhq.jetty9.util.thread.QueuedThreadPool$2.run(QueuedThreadPool.java:590)
	at java.lang.Thread.run(Thread.java:745)
Caused by: org.openqa.selenium.WebDriverException: java.lang.reflect.InvocationTargetException
Build info: version: '3.3.0', revision: 'b526bd5', time: '2017-03-07 11:21:31 -0800'
System info: host: 'DESKTOP-6VNN4VQ', ip: '192.168.1.131', os.name: 'Windows 10', os.arch: 'amd64', os.version: '10.0', java.version: '1.8.0_112'
Driver info: driver.version: unknown
	at org.openqa.selenium.remote.server.DefaultDriverProvider.callConstructor(DefaultDriverProvider.java:111)
	at org.openqa.selenium.remote.server.DefaultDriverProvider.newInstance(DefaultDriverProvider.java:97)
	at org.openqa.selenium.remote.server.DefaultDriverFactory.newInstance(DefaultDriverFactory.java:60)
	at org.openqa.selenium.remote.server.DefaultSession$BrowserCreator.call(DefaultSession.java:222)
	at org.openqa.selenium.remote.server.DefaultSession$BrowserCreator.call(DefaultSession.java:209)
	at java.util.concurrent.FutureTask.run(FutureTask.java:266)
	at org.openqa.selenium.remote.server.DefaultSession$1.run(DefaultSession.java:176)
	at java.util.concurrent.ThreadPoolExecutor.runWorker(ThreadPoolExecutor.java:1142)
	at java.util.concurrent.ThreadPoolExecutor$Worker.run(ThreadPoolExecutor.java:617)
	... 1 more
Caused by: java.lang.reflect.InvocationTargetException
	at sun.reflect.NativeConstructorAccessorImpl.newInstance0(Native Method)
	at sun.reflect.NativeConstructorAccessorImpl.newInstance(NativeConstructorAccessorImpl.java:62)
	at sun.reflect.DelegatingConstructorAccessorImpl.newInstance(DelegatingConstructorAccessorImpl.java:45)
	at java.lang.reflect.Constructor.newInstance(Constructor.java:423)
	at org.openqa.selenium.remote.server.DefaultDriverProvider.callConstructor(DefaultDriverProvider.java:103)
	... 9 more
Caused by: java.lang.IllegalStateException: The driver executable does not exist: E:\webstorm\crodova\sx-chejudo-front\node_modules\chromedriver\lib\chromedriver\chromedriver.exe
	at com.google.common.base.Preconditions.checkState(Preconditions.java:518)
	at org.openqa.selenium.remote.service.DriverService.checkExecutable(DriverService.java:123)
	at org.openqa.selenium.remote.service.DriverService.findExecutable(DriverService.java:118)
	at org.openqa.selenium.chrome.ChromeDriverService.access$000(ChromeDriverService.java:32)
	at org.openqa.selenium.chrome.ChromeDriverService$Builder.findDefaultExecutable(ChromeDriverService.java:137)
	at org.openqa.selenium.remote.service.DriverService$Builder.build(DriverService.java:302)
	at org.openqa.selenium.chrome.ChromeDriverService.createDefaultService(ChromeDriverService.java:88)
	at org.openqa.selenium.chrome.ChromeDriver.<init>(ChromeDriver.java:146)
	... 14 more
22:48:19.289 WARN - Exception: The driver executable does not exist: E:\webstorm\crodova\sx-chejudo-front\node_modules\chromedriver\lib\chromedriver\chromedriver.exe
